<?xml version="1.0" encoding="UTF-8"?>
<!-- Generated by org.testng.reporters.JUnitXMLReporter -->
<testsuite hostname="LAPTOP-NR1KSVT0" ignored="0" name="Default test" tests="3" failures="0" timestamp="2021-02-17T20:14:11 IST" time="0.089" errors="0">
  <testcase name="testA" time="0.016" classname="com.raghib.selenium.testng.TestNgWithXmlClassOne"/>
  <testcase name="testB" time="0.002" classname="com.raghib.selenium.testng.TestNgWithXmlClassOne"/>
  <testcase name="testC" time="0.002" classname="com.raghib.selenium.testng.TestNgWithXmlClassOne"/>
</testsuite> <!-- Default test -->
