<?xml version="1.0" encoding="UTF-8"?>
<!-- Generated by org.testng.reporters.JUnitXMLReporter -->
<testsuite hostname="LAPTOP-NR1KSVT0" ignored="0" name="Test" tests="3" failures="0" timestamp="2021-03-31T22:04:38 IST" time="16.238" errors="0">
  <testcase name="testA" time="16.181" classname="com.raghib.selenium.testng.TestNgWithXmlClassOne"/>
  <testcase name="testB" time="0.002" classname="com.raghib.selenium.testng.TestNgWithXmlClassOne"/>
  <testcase name="testC" time="0.0" classname="com.raghib.selenium.testng.TestNgWithXmlClassOne"/>
</testsuite> <!-- Test -->
