<?xml version="1.0" encoding="UTF-8"?>
<!-- Generated by org.testng.reporters.JUnitXMLReporter -->
<testsuite ignored="0" hostname="DESKTOP-RHAVO5R" failures="0" tests="3" name="Test" time="5.812" errors="0" timestamp="2023-07-13T15:50:03 IST">
  <testcase classname="com.raghib.selenium.testng.TestNgWithXmlClassOne" name="testA" time="5.732"/>
  <testcase classname="com.raghib.selenium.testng.TestNgWithXmlClassOne" name="testB" time="0.006"/>
  <testcase classname="com.raghib.selenium.testng.TestNgWithXmlClassOne" name="testC" time="0.002"/>
</testsuite> <!-- Test -->
