<?xml version="1.0" encoding="UTF-8"?>
<testng-results ignored="0" total="3" passed="3" failed="0" skipped="0">
  <reporter-output>
  </reporter-output>
  <suite started-at="2023-07-13T15:49:58 IST" name="Suite" finished-at="2023-07-13T15:50:03 IST" duration-ms="5812">
    <groups>
    </groups>
    <test started-at="2023-07-13T15:49:58 IST" name="Test" finished-at="2023-07-13T15:50:03 IST" duration-ms="5812">
      <class name="com.raghib.selenium.testng.TestNgWithXmlClassOne">
        <test-method signature="testA()[pri:0, instance:com.raghib.selenium.testng.TestNgWithXmlClassOne@72f926e6]" started-at="2023-07-13T15:49:58 IST" name="testA" finished-at="2023-07-13T15:50:03 IST" duration-ms="5732" status="PASS">
          <reporter-output>
          </reporter-output>
        </test-method> <!-- testA -->
        <test-method signature="testB()[pri:0, instance:com.raghib.selenium.testng.TestNgWithXmlClassOne@72f926e6]" started-at="2023-07-13T15:50:03 IST" name="testB" finished-at="2023-07-13T15:50:03 IST" duration-ms="6" status="PASS">
          <reporter-output>
          </reporter-output>
        </test-method> <!-- testB -->
        <test-method signature="testC()[pri:0, instance:com.raghib.selenium.testng.TestNgWithXmlClassOne@72f926e6]" started-at="2023-07-13T15:50:03 IST" name="testC" finished-at="2023-07-13T15:50:03 IST" duration-ms="2" status="PASS">
          <reporter-output>
          </reporter-output>
        </test-method> <!-- testC -->
      </class> <!-- com.raghib.selenium.testng.TestNgWithXmlClassOne -->
    </test> <!-- Test -->
  </suite> <!-- Suite -->
</testng-results>
